2023-09-01 10:48:33,263 - INFO - The url is https://isro.vercel.app/api/spacecrafts
2023-09-01 10:48:33,270 - DEBUG - Starting new HTTPS connection (1): isro.vercel.app:443
2023-09-01 10:48:33,656 - DEBUG - https://isro.vercel.app:443 "GET /api/spacecrafts HTTP/1.1" 200 None
2023-09-01 10:48:33,661 - INFO - <li>Aryabhata</li>
<li>Bhaskara-I</li>
<li>Rohini Technology Payload (RTP)</li>
<li>Rohini Satellite RS-1</li>
<li>Rohini Satellite RS-D1</li>
<li>APPLE</li>
<li>Bhaskara-II</li>
<li>INSAT-1A</li>
<li>Rohini Satellite RS-D2</li>
<li>INSAT-1B</li>
<li>SROSS-1</li>
<li>IRS-1A</li>
<li>SROSS-2</li>
<li>INSAT-1C</li>
<li>INSAT-1D</li>
<li>IRS-1B</li>
<li>SROSS-C</li>
<li>INSAT-2A</li>
<li>INSAT-2B</li>
<li>IRS-1E</li>
<li>SROSS-C2</li>
<li>IRS-P2</li>
<li>INSAT-2C</li>
<li>IRS-1C</li>
<li>IRS-P3</li>
<li>INSAT-2D</li>
<li>IRS-1D</li>
<li>INSAT-2E</li>
<li>Oceansat(IRS-P4)</li>
<li>INSAT-3B</li>
<li>GSAT-1</li>
<li>The Technology Experiment Satellite (TES)</li>
<li>INSAT-3C</li>
<li>KALPANA-1</li>
<li>INSAT-3A</li>
<li>GSAT-2</li>
<li>INSAT-3E</li>
<li>IRS-P6 / RESOURCESAT-1</li>
<li>EDUSAT</li>
<li>HAMSAT</li>
<li>CARTOSAT-1</li>
<li>INSAT-4A</li>
<li>INSAT-4C</li>
<li>SRE-1</li>
<li>CARTOSAT-2</li>
<li>INSAT-4B</li>
<li>INSAT-4CR</li>
<li>CARTOSAT – 2A</li>
<li>IMS-1</li>
<li>Chandrayaan-1</li>
<li>RISAT-2</li>
<li>Oceansat-2</li>
<li>GSAT-4</li>
<li>CARTOSAT-2B</li>
<li>GSAT-5P</li>
<li>YOUTHSAT</li>
<li>RESOURCESAT-2</li>
<li>GSAT-8</li>
<li>GSAT-12</li>
<li>Megha-Tropiques</li>
<li>RISAT-1</li>
<li>GSAT-10</li>
<li>SARAL</li>
<li>IRNSS-1A</li>
<li>INSAT-3D</li>
<li>GSAT-7</li>
<li>Mars Orbiter Mission Spacecraft</li>
<li>GSAT-14</li>
<li>IRNSS-1B</li>
<li>IRNSS-1C</li>
<li>GSAT-16</li>
<li>Crew module Atmospheric Re-entry Experiment (CARE)</li>
<li>IRNSS-1D</li>
<li>GSAT-6</li>
<li>Astrosat</li>
<li>GSAT-15</li>
<li>IRNSS-1E</li>
<li>IRNSS-1F</li>
<li>IRNSS-1G</li>
<li>CARTOSAT-2 Series Satellite</li>
<li>INSAT-3DR</li>
<li>SCATSAT-1</li>
<li>GSAT-18</li>
<li>RESOURCESAT-2A</li>
<li>INS-1B</li>
<li>INS-1A</li>
<li>Cartosat -2 Series Satellite</li>
<li>GSAT-9</li>
<li>GSAT-19</li>
<li>Cartosat-2 Series Satellite</li>
<li>GSAT-17</li>
<li>IRNSS-1H</li>
<li>INS-1C</li>
<li>Cartosat-2 Series Satellite</li>
<li>Microsat</li>
<li>GSAT-6A</li>
<li>IRNSS-1I</li>
<li>GSAT-29</li>
<li>HysIS</li>
<li>GSAT-11 Mission</li>
<li>GSAT-7A</li>
<li>Microsat-R</li>
<li>GSAT-31</li>
<li>EMISAT</li>
<li>RISAT-2B</li>
<li>Chandrayaan2</li>
<li>Cartosat-3</li>
<li>RISAT-2BR1</li>
<li>GSAT-30</li>
<li>EOS-01</li>
<li>CMS-01</li>
<li>EOS-03</li>
